[13:16:27] [main/INFO] [GradleStart]: No arguments specified, assuming client.
[13:16:27] [main/INFO] [GradleStart]: Extra: []
[13:16:27] [main/INFO] [GradleStart]: Running with arguments: [--userProperties, {}, --tweakClass, cpw.mods.fml.common.launcher.FMLTweaker, --accessToken, {REDACTED}, --assetIndex, 1.7.10, --assetsDir, C:/Users/vrotter/.gradle/caches/minecraft/assets, --version, 1.7.10]
[13:16:27] [main/INFO] [LaunchWrapper]: Loading tweak class name cpw.mods.fml.common.launcher.FMLTweaker
[13:16:27] [main/INFO] [LaunchWrapper]: Using primary tweak class name cpw.mods.fml.common.launcher.FMLTweaker
[13:16:27] [main/INFO] [LaunchWrapper]: Calling tweak class cpw.mods.fml.common.launcher.FMLTweaker
[13:41:22] [main/INFO] [GradleStart]: No arguments specified, assuming client.
[13:41:22] [main/INFO] [GradleStart]: Extra: []
[13:41:22] [main/INFO] [GradleStart]: Running with arguments: [--userProperties, {}, --tweakClass, cpw.mods.fml.common.launcher.FMLTweaker, --accessToken, {REDACTED}, --assetIndex, 1.7.10, --assetsDir, C:/Users/vrotter/.gradle/caches/minecraft/assets, --version, 1.7.10]
[13:41:22] [main/INFO] [LaunchWrapper]: Loading tweak class name cpw.mods.fml.common.launcher.FMLTweaker
[13:41:22] [main/INFO] [LaunchWrapper]: Using primary tweak class name cpw.mods.fml.common.launcher.FMLTweaker
[13:41:22] [main/INFO] [LaunchWrapper]: Calling tweak class cpw.mods.fml.common.launcher.FMLTweaker
[13:52:25] [main/INFO] [GradleStart]: No arguments specified, assuming client.
[13:52:25] [main/INFO] [GradleStart]: Extra: []
[13:52:25] [main/INFO] [GradleStart]: Running with arguments: [--userProperties, {}, --tweakClass, cpw.mods.fml.common.launcher.FMLTweaker, --accessToken, {REDACTED}, --assetIndex, 1.7.10, --assetsDir, C:/Users/vrotter/.gradle/caches/minecraft/assets, --version, 1.7.10]
[13:52:25] [main/INFO] [LaunchWrapper]: Loading tweak class name cpw.mods.fml.common.launcher.FMLTweaker
[13:52:25] [main/INFO] [LaunchWrapper]: Using primary tweak class name cpw.mods.fml.common.launcher.FMLTweaker
[13:52:25] [main/INFO] [LaunchWrapper]: Calling tweak class cpw.mods.fml.common.launcher.FMLTweaker
[14:49:02] [main/INFO] [GradleStart]: No arguments specified, assuming client.
[14:49:02] [main/INFO] [GradleStart]: Extra: []
[14:49:02] [main/INFO] [GradleStart]: Running with arguments: [--userProperties, {}, --tweakClass, cpw.mods.fml.common.launcher.FMLTweaker, --accessToken, {REDACTED}, --assetIndex, 1.7.10, --assetsDir, C:/Users/vrotter/.gradle/caches/minecraft/assets, --version, 1.7.10]
[14:49:02] [main/INFO] [LaunchWrapper]: Loading tweak class name cpw.mods.fml.common.launcher.FMLTweaker
[14:49:02] [main/INFO] [LaunchWrapper]: Using primary tweak class name cpw.mods.fml.common.launcher.FMLTweaker
[14:49:02] [main/INFO] [LaunchWrapper]: Calling tweak class cpw.mods.fml.common.launcher.FMLTweaker
[14:49:53] [main/INFO] [GradleStart]: No arguments specified, assuming client.
[14:49:53] [main/INFO] [GradleStart]: Extra: []
[14:49:53] [main/INFO] [GradleStart]: Running with arguments: [--userProperties, {}, --tweakClass, cpw.mods.fml.common.launcher.FMLTweaker, --accessToken, {REDACTED}, --assetIndex, 1.7.10, --assetsDir, C:/Users/vrotter/.gradle/caches/minecraft/assets, --version, 1.7.10]
[14:49:53] [main/INFO] [LaunchWrapper]: Loading tweak class name cpw.mods.fml.common.launcher.FMLTweaker
[14:49:53] [main/INFO] [LaunchWrapper]: Using primary tweak class name cpw.mods.fml.common.launcher.FMLTweaker
[14:49:53] [main/INFO] [LaunchWrapper]: Calling tweak class cpw.mods.fml.common.launcher.FMLTweaker
[14:50:39] [main/INFO] [GradleStart]: No arguments specified, assuming client.
[14:50:39] [main/INFO] [GradleStart]: Extra: []
[14:50:39] [main/INFO] [GradleStart]: Running with arguments: [--userProperties, {}, --tweakClass, cpw.mods.fml.common.launcher.FMLTweaker, --accessToken, {REDACTED}, --assetIndex, 1.7.10, --assetsDir, C:/Users/vrotter/.gradle/caches/minecraft/assets, --version, 1.7.10]
[14:50:39] [main/INFO] [LaunchWrapper]: Loading tweak class name cpw.mods.fml.common.launcher.FMLTweaker
[14:50:39] [main/INFO] [LaunchWrapper]: Using primary tweak class name cpw.mods.fml.common.launcher.FMLTweaker
[14:50:39] [main/INFO] [LaunchWrapper]: Calling tweak class cpw.mods.fml.common.launcher.FMLTweaker
[14:51:27] [main/INFO] [GradleStart]: No arguments specified, assuming client.
[14:51:27] [main/INFO] [GradleStart]: Extra: []
[14:51:27] [main/INFO] [GradleStart]: Running with arguments: [--userProperties, {}, --tweakClass, cpw.mods.fml.common.launcher.FMLTweaker, --accessToken, {REDACTED}, --assetIndex, 1.7.10, --assetsDir, C:/Users/vrotter/.gradle/caches/minecraft/assets, --version, 1.7.10]
[14:51:27] [main/INFO] [LaunchWrapper]: Loading tweak class name cpw.mods.fml.common.launcher.FMLTweaker
[14:51:27] [main/INFO] [LaunchWrapper]: Using primary tweak class name cpw.mods.fml.common.launcher.FMLTweaker
[14:51:27] [main/INFO] [LaunchWrapper]: Calling tweak class cpw.mods.fml.common.launcher.FMLTweaker
[14:52:00] [main/INFO] [GradleStart]: No arguments specified, assuming client.
[14:52:00] [main/INFO] [GradleStart]: Extra: []
[14:52:00] [main/INFO] [GradleStart]: Running with arguments: [--userProperties, {}, --tweakClass, cpw.mods.fml.common.launcher.FMLTweaker, --accessToken, {REDACTED}, --assetIndex, 1.7.10, --assetsDir, C:/Users/vrotter/.gradle/caches/minecraft/assets, --version, 1.7.10]
[14:52:00] [main/INFO] [LaunchWrapper]: Loading tweak class name cpw.mods.fml.common.launcher.FMLTweaker
[14:52:00] [main/INFO] [LaunchWrapper]: Using primary tweak class name cpw.mods.fml.common.launcher.FMLTweaker
[14:52:00] [main/INFO] [LaunchWrapper]: Calling tweak class cpw.mods.fml.common.launcher.FMLTweaker
[15:18:43] [main/INFO] [GradleStart]: No arguments specified, assuming client.
[15:18:43] [main/INFO] [GradleStart]: Extra: []
[15:18:43] [main/INFO] [GradleStart]: Running with arguments: [--userProperties, {}, --tweakClass, cpw.mods.fml.common.launcher.FMLTweaker, --accessToken, {REDACTED}, --assetIndex, 1.7.10, --assetsDir, C:/Users/vrotter/.gradle/caches/minecraft/assets, --version, 1.7.10]
[15:18:43] [main/INFO] [LaunchWrapper]: Loading tweak class name cpw.mods.fml.common.launcher.FMLTweaker
[15:18:43] [main/INFO] [LaunchWrapper]: Using primary tweak class name cpw.mods.fml.common.launcher.FMLTweaker
[15:18:43] [main/INFO] [LaunchWrapper]: Calling tweak class cpw.mods.fml.common.launcher.FMLTweaker
[15:59:13] [main/INFO] [GradleStart]: No arguments specified, assuming client.
[15:59:13] [main/INFO] [GradleStart]: Extra: []
[15:59:13] [main/INFO] [GradleStart]: Running with arguments: [--userProperties, {}, --tweakClass, cpw.mods.fml.common.launcher.FMLTweaker, --accessToken, {REDACTED}, --assetIndex, 1.7.10, --assetsDir, C:/Users/vrotter/.gradle/caches/minecraft/assets, --version, 1.7.10]
[15:59:13] [main/INFO] [LaunchWrapper]: Loading tweak class name cpw.mods.fml.common.launcher.FMLTweaker
[15:59:13] [main/INFO] [LaunchWrapper]: Using primary tweak class name cpw.mods.fml.common.launcher.FMLTweaker
[15:59:13] [main/INFO] [LaunchWrapper]: Calling tweak class cpw.mods.fml.common.launcher.FMLTweaker
[16:16:46] [main/INFO] [GradleStart]: No arguments specified, assuming client.
[16:16:46] [main/INFO] [GradleStart]: Extra: []
[16:16:46] [main/INFO] [GradleStart]: Running with arguments: [--userProperties, {}, --tweakClass, cpw.mods.fml.common.launcher.FMLTweaker, --accessToken, {REDACTED}, --assetIndex, 1.7.10, --assetsDir, C:/Users/vrotter/.gradle/caches/minecraft/assets, --version, 1.7.10]
[16:16:46] [main/INFO] [LaunchWrapper]: Loading tweak class name cpw.mods.fml.common.launcher.FMLTweaker
[16:16:46] [main/INFO] [LaunchWrapper]: Using primary tweak class name cpw.mods.fml.common.launcher.FMLTweaker
[16:16:46] [main/INFO] [LaunchWrapper]: Calling tweak class cpw.mods.fml.common.launcher.FMLTweaker
[16:32:48] [main/INFO] [GradleStart]: No arguments specified, assuming client.
[16:32:48] [main/INFO] [GradleStart]: Extra: []
[16:32:48] [main/INFO] [GradleStart]: Running with arguments: [--userProperties, {}, --tweakClass, cpw.mods.fml.common.launcher.FMLTweaker, --accessToken, {REDACTED}, --assetIndex, 1.7.10, --assetsDir, C:/Users/vrotter/.gradle/caches/minecraft/assets, --version, 1.7.10]
[16:32:48] [main/INFO] [LaunchWrapper]: Loading tweak class name cpw.mods.fml.common.launcher.FMLTweaker
[16:32:48] [main/INFO] [LaunchWrapper]: Using primary tweak class name cpw.mods.fml.common.launcher.FMLTweaker
[16:32:48] [main/INFO] [LaunchWrapper]: Calling tweak class cpw.mods.fml.common.launcher.FMLTweaker
[16:56:52] [main/INFO] [GradleStart]: No arguments specified, assuming client.
[16:56:52] [main/INFO] [GradleStart]: Extra: []
[16:56:52] [main/INFO] [GradleStart]: Running with arguments: [--userProperties, {}, --tweakClass, cpw.mods.fml.common.launcher.FMLTweaker, --accessToken, {REDACTED}, --assetIndex, 1.7.10, --assetsDir, C:/Users/vrotter/.gradle/caches/minecraft/assets, --version, 1.7.10]
[16:56:53] [main/INFO] [LaunchWrapper]: Loading tweak class name cpw.mods.fml.common.launcher.FMLTweaker
[16:56:53] [main/INFO] [LaunchWrapper]: Using primary tweak class name cpw.mods.fml.common.launcher.FMLTweaker
[16:56:53] [main/INFO] [LaunchWrapper]: Calling tweak class cpw.mods.fml.common.launcher.FMLTweaker
[16:57:29] [main/INFO] [GradleStart]: No arguments specified, assuming client.
[16:57:29] [main/INFO] [GradleStart]: Extra: []
[16:57:29] [main/INFO] [GradleStart]: Running with arguments: [--userProperties, {}, --tweakClass, cpw.mods.fml.common.launcher.FMLTweaker, --accessToken, {REDACTED}, --assetIndex, 1.7.10, --assetsDir, C:/Users/vrotter/.gradle/caches/minecraft/assets, --version, 1.7.10]
[16:57:29] [main/INFO] [LaunchWrapper]: Loading tweak class name cpw.mods.fml.common.launcher.FMLTweaker
[16:57:29] [main/INFO] [LaunchWrapper]: Using primary tweak class name cpw.mods.fml.common.launcher.FMLTweaker
[16:57:29] [main/INFO] [LaunchWrapper]: Calling tweak class cpw.mods.fml.common.launcher.FMLTweaker
[17:00:05] [main/INFO] [GradleStart]: No arguments specified, assuming client.
[17:00:05] [main/INFO] [GradleStart]: Extra: []
[17:00:05] [main/INFO] [GradleStart]: Running with arguments: [--userProperties, {}, --tweakClass, cpw.mods.fml.common.launcher.FMLTweaker, --accessToken, {REDACTED}, --assetIndex, 1.7.10, --assetsDir, C:/Users/vrotter/.gradle/caches/minecraft/assets, --version, 1.7.10]
[17:00:05] [main/INFO] [LaunchWrapper]: Loading tweak class name cpw.mods.fml.common.launcher.FMLTweaker
[17:00:05] [main/INFO] [LaunchWrapper]: Using primary tweak class name cpw.mods.fml.common.launcher.FMLTweaker
[17:00:05] [main/INFO] [LaunchWrapper]: Calling tweak class cpw.mods.fml.common.launcher.FMLTweaker
[17:02:32] [main/INFO] [GradleStart]: No arguments specified, assuming client.
[17:02:32] [main/INFO] [GradleStart]: Extra: []
[17:02:32] [main/INFO] [GradleStart]: Running with arguments: [--userProperties, {}, --tweakClass, cpw.mods.fml.common.launcher.FMLTweaker, --accessToken, {REDACTED}, --assetIndex, 1.7.10, --assetsDir, C:/Users/vrotter/.gradle/caches/minecraft/assets, --version, 1.7.10]
[17:02:32] [main/INFO] [LaunchWrapper]: Loading tweak class name cpw.mods.fml.common.launcher.FMLTweaker
[17:02:32] [main/INFO] [LaunchWrapper]: Using primary tweak class name cpw.mods.fml.common.launcher.FMLTweaker
[17:02:32] [main/INFO] [LaunchWrapper]: Calling tweak class cpw.mods.fml.common.launcher.FMLTweaker
